<?xml version="1.0" encoding="UTF-8"?>
<testng-results skipped="0" failed="0" total="1" passed="1">
  <reporter-output>
  </reporter-output>
  <suite name="Default suite" duration-ms="65573" started-at="2020-02-24T12:13:16Z" finished-at="2020-02-24T12:14:22Z">
    <groups>
    </groups>
    <test name="Default test" duration-ms="65573" started-at="2020-02-24T12:13:16Z" finished-at="2020-02-24T12:14:22Z">
      <class name="com.actitime.Test1">
        <test-method status="PASS" signature="test()[pri:0, instance:com.actitime.Test1@546a03af]" name="test" duration-ms="65467" started-at="2020-02-24T04:13:16Z" finished-at="2020-02-24T04:14:22Z">
          <reporter-output>
          </reporter-output>
        </test-method> <!-- test -->
      </class> <!-- com.actitime.Test1 -->
    </test> <!-- Default test -->
  </suite> <!-- Default suite -->
</testng-results>
