<?xml version="1.0" encoding="UTF-8"?>
<testng-results skipped="0" failed="0" total="1" passed="1">
  <reporter-output>
  </reporter-output>
  <suite name="Default suite" duration-ms="33562" started-at="2020-02-24T05:55:07Z" finished-at="2020-02-24T05:55:40Z">
    <groups>
    </groups>
    <test name="Default test" duration-ms="33562" started-at="2020-02-24T05:55:07Z" finished-at="2020-02-24T05:55:40Z">
      <class name="com.actitime.Test1">
        <test-method status="PASS" signature="test()[pri:0, instance:com.actitime.Test1@6ad5c04e]" name="test" duration-ms="33501" started-at="2020-02-23T21:55:07Z" finished-at="2020-02-23T21:55:40Z">
          <reporter-output>
          </reporter-output>
        </test-method> <!-- test -->
      </class> <!-- com.actitime.Test1 -->
    </test> <!-- Default test -->
  </suite> <!-- Default suite -->
</testng-results>
